<?xml version="1.0" encoding="UTF-8"?>
<!-- Generated by org.testng.reporters.JUnitReportReporter -->
<testsuite hostname="BTP250198" name="com.plus.net.runner.TestRunner" tests="1" failures="0" timestamp="11 Nov 2018 14:10:04 GMT" time="0.116" errors="0">
  <testcase name="feature" time="0.116" classname="com.plus.net.runner.TestRunner"/>
</testsuite> <!-- com.plus.net.runner.TestRunner -->
