<?xml version="1.0" encoding="UTF-8"?>
<!-- Generated by org.testng.reporters.JUnitReportReporter -->
<testsuite hostname="BTP250198" name="com.plus.net.runner.TestRunner" tests="1" failures="0" timestamp="25 Nov 2018 19:31:30 GMT" time="8.160" errors="0">
  <testcase name="feature" time="8.160" classname="com.plus.net.runner.TestRunner"/>
</testsuite> <!-- com.plus.net.runner.TestRunner -->
